[INFO] Scanning for projects...
[INFO] 
[INFO] -------------------< com.heronix:heronix-scheduler >--------------------
[INFO] Building Heronix AI Scheduling Engine 2.0.0
[INFO]   from pom.xml
[INFO] --------------------------------[ jar ]---------------------------------
[INFO] 
[INFO] >>> spring-boot:3.2.0:run (default-cli) > test-compile @ heronix-scheduler >>>
[WARNING] 6 problems were encountered while building the effective model for org.openjfx:javafx-controls:jar:21 during dependency collection step for project (use -X to see details)
[INFO] 
[INFO] --- jacoco:0.8.11:prepare-agent (prepare-agent) @ heronix-scheduler ---
[INFO] argLine set to -javaagent:C:\\Users\\Gamer\\.m2\\repository\\org\\jacoco\\org.jacoco.agent\\0.8.11\\org.jacoco.agent-0.8.11-runtime.jar=destfile=H:\\Heronix\\Heronix-SchedulerV2\\target\\jacoco.exec
[INFO] 
[INFO] --- resources:3.3.1:resources (default-resources) @ heronix-scheduler ---
[INFO] Copying 1 resource from src\main\resources to target\classes
[INFO] 
[INFO] --- compiler:3.11.0:compile (default-compile) @ heronix-scheduler ---
[INFO] Changes detected - recompiling the module! :source
[INFO] Compiling 281 source files with javac [debug release 21] to target\classes
[INFO] Annotation processing is enabled because one or more processors were found
  on the class path. A future release of javac may disable annotation processing
  unless at least one processor is specified by name (-processor), or a search
  path is specified (--processor-path, --processor-module-path), or annotation
  processing is enabled explicitly (-proc:only, -proc:full).
  Use -Xlint:-options to suppress this message.
  Use -proc:none to disable annotation processing.
[INFO] /H:/Heronix/Heronix-SchedulerV2/src/main/java/com/heronix/scheduler/model/domain/ScheduleSlot.java: Some input files use or override a deprecated API.
[INFO] /H:/Heronix/Heronix-SchedulerV2/src/main/java/com/heronix/scheduler/model/domain/ScheduleSlot.java: Recompile with -Xlint:deprecation for details.
[INFO] /H:/Heronix/Heronix-SchedulerV2/src/main/java/com/heronix/scheduler/controller/ui/EnhancedScheduleViewController.java: Some input files use unchecked or unsafe operations.
[INFO] /H:/Heronix/Heronix-SchedulerV2/src/main/java/com/heronix/scheduler/controller/ui/EnhancedScheduleViewController.java: Recompile with -Xlint:unchecked for details.
[INFO] 
[INFO] --- resources:3.3.1:testResources (default-testResources) @ heronix-scheduler ---
[INFO] skip non existing resourceDirectory H:\Heronix\Heronix-SchedulerV2\src\test\resources
[INFO] 
[INFO] --- compiler:3.11.0:testCompile (default-testCompile) @ heronix-scheduler ---
[INFO] Changes detected - recompiling the module! :dependency
[INFO] 
[INFO] <<< spring-boot:3.2.0:run (default-cli) < test-compile @ heronix-scheduler <<<
[INFO] 
[INFO] 
[INFO] --- spring-boot:3.2.0:run (default-cli) @ heronix-scheduler ---
[INFO] Attaching agents: []
11:00:35.235 [main] INFO com.heronix.scheduler.HeronixSchedulerApplication -- ========================================
11:00:35.238 [main] INFO com.heronix.scheduler.HeronixSchedulerApplication -- Heronix AI Scheduling Engine
11:00:35.238 [main] INFO com.heronix.scheduler.HeronixSchedulerApplication -- Version: 2.0.0
11:00:35.238 [main] INFO com.heronix.scheduler.HeronixSchedulerApplication -- Port: 8090
11:00:35.238 [main] INFO com.heronix.scheduler.HeronixSchedulerApplication -- AI Engine: OptaPlanner 9.40.0
11:00:35.238 [main] INFO com.heronix.scheduler.HeronixSchedulerApplication -- ========================================

  .   ____          _            __ _ _
 /\\ / ___'_ __ _ _(_)_ __  __ _ \ \ \ \
( ( )\___ | '_ | '_| | '_ \/ _` | \ \ \ \
 \\/  ___)| |_)| | | | | || (_| |  ) ) ) )
  '  |____| .__|_| |_|_| |_\__, | / / / /
 =========|_|==============|___/=/_/_/_/
 :: Spring Boot ::                (v3.2.0)

2025-12-26 11:00:35 - Starting HeronixSchedulerApplication using Java 21.0.9 with PID 346324 (H:\Heronix\Heronix-SchedulerV2\target\classes started by Gamer in H:\Heronix\Heronix-SchedulerV2)
2025-12-26 11:00:35 - Running with Spring Boot v3.2.0, Spring v6.1.1
2025-12-26 11:00:35 - The following 1 profile is active: "dev"
2025-12-26 11:00:37 - Bootstrapping Spring Data JPA repositories in DEFAULT mode.
2025-12-26 11:00:37 - Finished Spring Data repository scanning in 4 ms. Found 0 JPA repository interfaces.
2025-12-26 11:00:37 - Bootstrapping Spring Data JPA repositories in DEFAULT mode.
2025-12-26 11:00:37 - Finished Spring Data repository scanning in 187 ms. Found 33 JPA repository interfaces.
2025-12-26 11:00:39 - Tomcat initialized with port 8090 (http)
2025-12-26 11:00:39 - Starting service [Tomcat]
2025-12-26 11:00:39 - Starting Servlet engine: [Apache Tomcat/10.1.16]
2025-12-26 11:00:39 - Initializing Spring embedded WebApplicationContext
2025-12-26 11:00:39 - Root WebApplicationContext: initialization completed in 3238 ms
2025-12-26 11:00:39 - HikariPool-1 - Starting...
2025-12-26 11:00:44 - HikariPool-1 - Added connection conn1: url=jdbc:h2:file:./data/heronix_dev user=ADMIN
2025-12-26 11:00:44 - HikariPool-1 - Start completed.
2025-12-26 11:00:44 - H2 console available at '/h2-console'. Database available at 'jdbc:h2:file:./data/heronix_dev'
2025-12-26 11:00:44 - HHH000204: Processing PersistenceUnitInfo [name: default]
2025-12-26 11:00:44 - HHH000412: Hibernate ORM core version 6.3.1.Final
2025-12-26 11:00:44 - HHH000026: Second-level cache disabled
2025-12-26 11:00:45 - No LoadTimeWeaver setup: ignoring JPA class transformer
2025-12-26 11:00:45 - HHH90000025: H2Dialect does not need to be specified explicitly using 'hibernate.dialect' (remove the property setting and it will be selected by default)
2025-12-26 11:00:47 - HHH000489: No JTA platform available (set 'hibernate.transaction.jta.platform' to enable JTA platform integration)
2025-12-26 11:00:47 - 
    alter table if exists conflict_matrix 
       drop constraint if exists UKp7xqnut3odndgk9yqhtldcapf
2025-12-26 11:00:47 - 
    alter table if exists conflict_matrix 
       add constraint UKp7xqnut3odndgk9yqhtldcapf unique (course1_id, course2_id)
2025-12-26 11:00:47 - 
    alter table if exists course_enrollment_requests 
       drop constraint if exists UKk8yyr1wya7l1ixi8y7vmndxl1
2025-12-26 11:00:47 - 
    alter table if exists course_enrollment_requests 
       add constraint UKk8yyr1wya7l1ixi8y7vmndxl1 unique (student_id, course_id)
2025-12-26 11:00:47 - 
    alter table if exists course_prerequisites 
       drop constraint if exists UKdc69vrucgnwb2hhy4gqo6mak1
2025-12-26 11:00:47 - 
    alter table if exists course_prerequisites 
       add constraint UKdc69vrucgnwb2hhy4gqo6mak1 unique (course_id, prerequisite_course_id, prerequisite_group)
2025-12-26 11:00:47 - 
    alter table if exists student_course_history 
       drop constraint if exists UKscx7jm0ntth4dfmljkio37ocw
2025-12-26 11:00:47 - 
    alter table if exists student_course_history 
       add constraint UKscx7jm0ntth4dfmljkio37ocw unique (student_id, course_id, academic_year, semester)
2025-12-26 11:00:47 - Initialized JPA EntityManagerFactory for persistence unit 'default'
2025-12-26 11:00:47 - SIS API Client initialized with base URL: http://localhost:8080/api
2025-12-26 11:00:48 - Hibernate is in classpath; If applicable, HQL parser will be used.
2025-12-26 11:00:52 - ========================================
2025-12-26 11:00:52 - INITIALIZING OPTAPLANNER SOLVER MANAGER
2025-12-26 11:00:52 - ========================================
2025-12-26 11:00:52 - Loading solver configuration from: solverConfig.xml
2025-12-26 11:00:52 - FAILED TO INITIALIZE OPTAPLANNER
java.lang.IllegalArgumentException: The solverConfigResource (solverConfig.xml) does not exist as a classpath resource in the classLoader (jdk.internal.loader.ClassLoaders$AppClassLoader@70dea4e).
	at org.optaplanner.core.config.solver.SolverConfig.createFromXmlResource(SolverConfig.java:111)
	at org.optaplanner.core.config.solver.SolverConfig.createFromXmlResource(SolverConfig.java:88)
	at com.heronix.scheduler.config.OptaPlannerConfig.solverManager(OptaPlannerConfig.java:42)
	at com.heronix.scheduler.config.OptaPlannerConfig$$SpringCGLIB$$0.CGLIB$solverManager$0(<generated>)
	at com.heronix.scheduler.config.OptaPlannerConfig$$SpringCGLIB$$FastClass$$1.invoke(<generated>)
	at org.springframework.cglib.proxy.MethodProxy.invokeSuper(MethodProxy.java:258)
	at org.springframework.context.annotation.ConfigurationClassEnhancer$BeanMethodInterceptor.intercept(ConfigurationClassEnhancer.java:331)
	at com.heronix.scheduler.config.OptaPlannerConfig$$SpringCGLIB$$0.solverManager(<generated>)
	at java.base/jdk.internal.reflect.DirectMethodHandleAccessor.invoke(DirectMethodHandleAccessor.java:103)
	at java.base/java.lang.reflect.Method.invoke(Method.java:580)
	at org.springframework.beans.factory.support.SimpleInstantiationStrategy.instantiate(SimpleInstantiationStrategy.java:140)
	at org.springframework.beans.factory.support.ConstructorResolver.instantiate(ConstructorResolver.java:651)
	at org.springframework.beans.factory.support.ConstructorResolver.instantiateUsingFactoryMethod(ConstructorResolver.java:489)
	at org.springframework.beans.factory.support.AbstractAutowireCapableBeanFactory.instantiateUsingFactoryMethod(AbstractAutowireCapableBeanFactory.java:1336)
	at org.springframework.beans.factory.support.AbstractAutowireCapableBeanFactory.createBeanInstance(AbstractAutowireCapableBeanFactory.java:1166)
	at org.springframework.beans.factory.support.AbstractAutowireCapableBeanFactory.doCreateBean(AbstractAutowireCapableBeanFactory.java:563)
	at org.springframework.beans.factory.support.AbstractAutowireCapableBeanFactory.createBean(AbstractAutowireCapableBeanFactory.java:523)
	at org.springframework.beans.factory.support.AbstractBeanFactory.lambda$doGetBean$0(AbstractBeanFactory.java:325)
	at org.springframework.beans.factory.support.DefaultSingletonBeanRegistry.getSingleton(DefaultSingletonBeanRegistry.java:234)
	at org.springframework.beans.factory.support.AbstractBeanFactory.doGetBean(AbstractBeanFactory.java:323)
	at org.springframework.beans.factory.support.AbstractBeanFactory.getBean(AbstractBeanFactory.java:199)
	at org.springframework.beans.factory.config.DependencyDescriptor.resolveCandidate(DependencyDescriptor.java:254)
	at org.springframework.beans.factory.support.DefaultListableBeanFactory.doResolveDependency(DefaultListableBeanFactory.java:1441)
	at org.springframework.beans.factory.support.DefaultListableBeanFactory.resolveDependency(DefaultListableBeanFactory.java:1348)
	at org.springframework.beans.factory.annotation.AutowiredAnnotationBeanPostProcessor$AutowiredFieldElement.resolveFieldValue(AutowiredAnnotationBeanPostProcessor.java:769)
	at org.springframework.beans.factory.annotation.AutowiredAnnotationBeanPostProcessor$AutowiredFieldElement.inject(AutowiredAnnotationBeanPostProcessor.java:752)
	at org.springframework.beans.factory.annotation.InjectionMetadata.inject(InjectionMetadata.java:145)
	at org.springframework.beans.factory.annotation.AutowiredAnnotationBeanPostProcessor.postProcessProperties(AutowiredAnnotationBeanPostProcessor.java:493)
	at org.springframework.beans.factory.support.AbstractAutowireCapableBeanFactory.populateBean(AbstractAutowireCapableBeanFactory.java:1420)
	at org.springframework.beans.factory.support.AbstractAutowireCapableBeanFactory.doCreateBean(AbstractAutowireCapableBeanFactory.java:600)
	at org.springframework.beans.factory.support.AbstractAutowireCapableBeanFactory.createBean(AbstractAutowireCapableBeanFactory.java:523)
	at org.springframework.beans.factory.support.AbstractBeanFactory.lambda$doGetBean$0(AbstractBeanFactory.java:325)
	at org.springframework.beans.factory.support.DefaultSingletonBeanRegistry.getSingleton(DefaultSingletonBeanRegistry.java:234)
	at org.springframework.beans.factory.support.AbstractBeanFactory.doGetBean(AbstractBeanFactory.java:323)
	at org.springframework.beans.factory.support.AbstractBeanFactory.getBean(AbstractBeanFactory.java:199)
	at org.springframework.beans.factory.config.DependencyDescriptor.resolveCandidate(DependencyDescriptor.java:254)
	at org.springframework.beans.factory.support.DefaultListableBeanFactory.doResolveDependency(DefaultListableBeanFactory.java:1441)
	at org.springframework.beans.factory.support.DefaultListableBeanFactory.resolveDependency(DefaultListableBeanFactory.java:1348)
	at org.springframework.beans.factory.support.ConstructorResolver.resolveAutowiredArgument(ConstructorResolver.java:911)
	at org.springframework.beans.factory.support.ConstructorResolver.createArgumentArray(ConstructorResolver.java:789)
	at org.springframework.beans.factory.support.ConstructorResolver.autowireConstructor(ConstructorResolver.java:241)
	at org.springframework.beans.factory.support.AbstractAutowireCapableBeanFactory.autowireConstructor(AbstractAutowireCapableBeanFactory.java:1356)
	at org.springframework.beans.factory.support.AbstractAutowireCapableBeanFactory.createBeanInstance(AbstractAutowireCapableBeanFactory.java:1193)
	at org.springframework.beans.factory.support.AbstractAutowireCapableBeanFactory.doCreateBean(AbstractAutowireCapableBeanFactory.java:563)
	at org.springframework.beans.factory.support.AbstractAutowireCapableBeanFactory.createBean(AbstractAutowireCapableBeanFactory.java:523)
	at org.springframework.beans.factory.support.AbstractBeanFactory.lambda$doGetBean$0(AbstractBeanFactory.java:325)
	at org.springframework.beans.factory.support.DefaultSingletonBeanRegistry.getSingleton(DefaultSingletonBeanRegistry.java:234)
	at org.springframework.beans.factory.support.AbstractBeanFactory.doGetBean(AbstractBeanFactory.java:323)
	at org.springframework.beans.factory.support.AbstractBeanFactory.getBean(AbstractBeanFactory.java:199)
	at org.springframework.beans.factory.config.DependencyDescriptor.resolveCandidate(DependencyDescriptor.java:254)
	at org.springframework.beans.factory.support.DefaultListableBeanFactory.doResolveDependency(DefaultListableBeanFactory.java:1441)
	at org.springframework.beans.factory.support.DefaultListableBeanFactory.resolveDependency(DefaultListableBeanFactory.java:1348)
	at org.springframework.beans.factory.annotation.AutowiredAnnotationBeanPostProcessor$AutowiredFieldElement.resolveFieldValue(AutowiredAnnotationBeanPostProcessor.java:769)
	at org.springframework.beans.factory.annotation.AutowiredAnnotationBeanPostProcessor$AutowiredFieldElement.inject(AutowiredAnnotationBeanPostProcessor.java:752)
	at org.springframework.beans.factory.annotation.InjectionMetadata.inject(InjectionMetadata.java:145)
	at org.springframework.beans.factory.annotation.AutowiredAnnotationBeanPostProcessor.postProcessProperties(AutowiredAnnotationBeanPostProcessor.java:493)
	at org.springframework.beans.factory.support.AbstractAutowireCapableBeanFactory.populateBean(AbstractAutowireCapableBeanFactory.java:1420)
	at org.springframework.beans.factory.support.AbstractAutowireCapableBeanFactory.doCreateBean(AbstractAutowireCapableBeanFactory.java:600)
	at org.springframework.beans.factory.support.AbstractAutowireCapableBeanFactory.createBean(AbstractAutowireCapableBeanFactory.java:523)
	at org.springframework.beans.factory.support.AbstractBeanFactory.lambda$doGetBean$0(AbstractBeanFactory.java:325)
	at org.springframework.beans.factory.support.DefaultSingletonBeanRegistry.getSingleton(DefaultSingletonBeanRegistry.java:234)
	at org.springframework.beans.factory.support.AbstractBeanFactory.doGetBean(AbstractBeanFactory.java:323)
	at org.springframework.beans.factory.support.AbstractBeanFactory.getBean(AbstractBeanFactory.java:199)
	at org.springframework.beans.factory.support.DefaultListableBeanFactory.preInstantiateSingletons(DefaultListableBeanFactory.java:973)
	at org.springframework.context.support.AbstractApplicationContext.finishBeanFactoryInitialization(AbstractApplicationContext.java:946)
	at org.springframework.context.support.AbstractApplicationContext.refresh(AbstractApplicationContext.java:616)
	at org.springframework.boot.web.servlet.context.ServletWebServerApplicationContext.refresh(ServletWebServerApplicationContext.java:146)
	at org.springframework.boot.SpringApplication.refresh(SpringApplication.java:753)
	at org.springframework.boot.SpringApplication.refreshContext(SpringApplication.java:455)
	at org.springframework.boot.SpringApplication.run(SpringApplication.java:323)
	at org.springframework.boot.SpringApplication.run(SpringApplication.java:1342)
	at org.springframework.boot.SpringApplication.run(SpringApplication.java:1331)
	at com.heronix.scheduler.HeronixSchedulerApplication.main(HeronixSchedulerApplication.java:65)
2025-12-26 11:00:52 - ========================================
2025-12-26 11:00:52 - Exception encountered during context initialization - cancelling refresh attempt: org.springframework.beans.factory.UnsatisfiedDependencyException: Error creating bean with name 'conflictDashboardController': Unsatisfied dependency expressed through field 'scheduleService': Error creating bean with name 'scheduleServiceImpl' defined in file [H:\Heronix\Heronix-SchedulerV2\target\classes\com\heronix\scheduler\service\impl\ScheduleServiceImpl.class]: Unsatisfied dependency expressed through constructor parameter 4: Error creating bean with name 'scheduleGenerationService': Unsatisfied dependency expressed through field 'solverManager': Error creating bean with name 'solverManager' defined in class path resource [com/heronix/scheduler/config/OptaPlannerConfig.class]: Failed to instantiate [org.optaplanner.core.api.solver.SolverManager]: Factory method 'solverManager' threw exception with message: OptaPlanner initialization failed
2025-12-26 11:00:52 - Closing JPA EntityManagerFactory for persistence unit 'default'
2025-12-26 11:00:52 - HikariPool-1 - Shutdown initiated...
2025-12-26 11:00:52 - HikariPool-1 - Shutdown completed.
2025-12-26 11:00:52 - Stopping service [Tomcat]
2025-12-26 11:00:52 - 

Error starting ApplicationContext. To display the condition evaluation report re-run your application with 'debug' enabled.
2025-12-26 11:00:52 - Application run failed
org.springframework.beans.factory.UnsatisfiedDependencyException: Error creating bean with name 'conflictDashboardController': Unsatisfied dependency expressed through field 'scheduleService': Error creating bean with name 'scheduleServiceImpl' defined in file [H:\Heronix\Heronix-SchedulerV2\target\classes\com\heronix\scheduler\service\impl\ScheduleServiceImpl.class]: Unsatisfied dependency expressed through constructor parameter 4: Error creating bean with name 'scheduleGenerationService': Unsatisfied dependency expressed through field 'solverManager': Error creating bean with name 'solverManager' defined in class path resource [com/heronix/scheduler/config/OptaPlannerConfig.class]: Failed to instantiate [org.optaplanner.core.api.solver.SolverManager]: Factory method 'solverManager' threw exception with message: OptaPlanner initialization failed
	at org.springframework.beans.factory.annotation.AutowiredAnnotationBeanPostProcessor$AutowiredFieldElement.resolveFieldValue(AutowiredAnnotationBeanPostProcessor.java:772)
	at org.springframework.beans.factory.annotation.AutowiredAnnotationBeanPostProcessor$AutowiredFieldElement.inject(AutowiredAnnotationBeanPostProcessor.java:752)
	at org.springframework.beans.factory.annotation.InjectionMetadata.inject(InjectionMetadata.java:145)
	at org.springframework.beans.factory.annotation.AutowiredAnnotationBeanPostProcessor.postProcessProperties(AutowiredAnnotationBeanPostProcessor.java:493)
	at org.springframework.beans.factory.support.AbstractAutowireCapableBeanFactory.populateBean(AbstractAutowireCapableBeanFactory.java:1420)
	at org.springframework.beans.factory.support.AbstractAutowireCapableBeanFactory.doCreateBean(AbstractAutowireCapableBeanFactory.java:600)
	at org.springframework.beans.factory.support.AbstractAutowireCapableBeanFactory.createBean(AbstractAutowireCapableBeanFactory.java:523)
	at org.springframework.beans.factory.support.AbstractBeanFactory.lambda$doGetBean$0(AbstractBeanFactory.java:325)
	at org.springframework.beans.factory.support.DefaultSingletonBeanRegistry.getSingleton(DefaultSingletonBeanRegistry.java:234)
	at org.springframework.beans.factory.support.AbstractBeanFactory.doGetBean(AbstractBeanFactory.java:323)
	at org.springframework.beans.factory.support.AbstractBeanFactory.getBean(AbstractBeanFactory.java:199)
	at org.springframework.beans.factory.support.DefaultListableBeanFactory.preInstantiateSingletons(DefaultListableBeanFactory.java:973)
	at org.springframework.context.support.AbstractApplicationContext.finishBeanFactoryInitialization(AbstractApplicationContext.java:946)
	at org.springframework.context.support.AbstractApplicationContext.refresh(AbstractApplicationContext.java:616)
	at org.springframework.boot.web.servlet.context.ServletWebServerApplicationContext.refresh(ServletWebServerApplicationContext.java:146)
	at org.springframework.boot.SpringApplication.refresh(SpringApplication.java:753)
	at org.springframework.boot.SpringApplication.refreshContext(SpringApplication.java:455)
	at org.springframework.boot.SpringApplication.run(SpringApplication.java:323)
	at org.springframework.boot.SpringApplication.run(SpringApplication.java:1342)
	at org.springframework.boot.SpringApplication.run(SpringApplication.java:1331)
	at com.heronix.scheduler.HeronixSchedulerApplication.main(HeronixSchedulerApplication.java:65)
Caused by: org.springframework.beans.factory.UnsatisfiedDependencyException: Error creating bean with name 'scheduleServiceImpl' defined in file [H:\Heronix\Heronix-SchedulerV2\target\classes\com\heronix\scheduler\service\impl\ScheduleServiceImpl.class]: Unsatisfied dependency expressed through constructor parameter 4: Error creating bean with name 'scheduleGenerationService': Unsatisfied dependency expressed through field 'solverManager': Error creating bean with name 'solverManager' defined in class path resource [com/heronix/scheduler/config/OptaPlannerConfig.class]: Failed to instantiate [org.optaplanner.core.api.solver.SolverManager]: Factory method 'solverManager' threw exception with message: OptaPlanner initialization failed
	at org.springframework.beans.factory.support.ConstructorResolver.createArgumentArray(ConstructorResolver.java:802)
	at org.springframework.beans.factory.support.ConstructorResolver.autowireConstructor(ConstructorResolver.java:241)
	at org.springframework.beans.factory.support.AbstractAutowireCapableBeanFactory.autowireConstructor(AbstractAutowireCapableBeanFactory.java:1356)
	at org.springframework.beans.factory.support.AbstractAutowireCapableBeanFactory.createBeanInstance(AbstractAutowireCapableBeanFactory.java:1193)
	at org.springframework.beans.factory.support.AbstractAutowireCapableBeanFactory.doCreateBean(AbstractAutowireCapableBeanFactory.java:563)
	at org.springframework.beans.factory.support.AbstractAutowireCapableBeanFactory.createBean(AbstractAutowireCapableBeanFactory.java:523)
	at org.springframework.beans.factory.support.AbstractBeanFactory.lambda$doGetBean$0(AbstractBeanFactory.java:325)
	at org.springframework.beans.factory.support.DefaultSingletonBeanRegistry.getSingleton(DefaultSingletonBeanRegistry.java:234)
	at org.springframework.beans.factory.support.AbstractBeanFactory.doGetBean(AbstractBeanFactory.java:323)
	at org.springframework.beans.factory.support.AbstractBeanFactory.getBean(AbstractBeanFactory.java:199)
	at org.springframework.beans.factory.config.DependencyDescriptor.resolveCandidate(DependencyDescriptor.java:254)
	at org.springframework.beans.factory.support.DefaultListableBeanFactory.doResolveDependency(DefaultListableBeanFactory.java:1441)
	at org.springframework.beans.factory.support.DefaultListableBeanFactory.resolveDependency(DefaultListableBeanFactory.java:1348)
	at org.springframework.beans.factory.annotation.AutowiredAnnotationBeanPostProcessor$AutowiredFieldElement.resolveFieldValue(AutowiredAnnotationBeanPostProcessor.java:769)
	... 20 common frames omitted
Caused by: org.springframework.beans.factory.UnsatisfiedDependencyException: Error creating bean with name 'scheduleGenerationService': Unsatisfied dependency expressed through field 'solverManager': Error creating bean with name 'solverManager' defined in class path resource [com/heronix/scheduler/config/OptaPlannerConfig.class]: Failed to instantiate [org.optaplanner.core.api.solver.SolverManager]: Factory method 'solverManager' threw exception with message: OptaPlanner initialization failed
	at org.springframework.beans.factory.annotation.AutowiredAnnotationBeanPostProcessor$AutowiredFieldElement.resolveFieldValue(AutowiredAnnotationBeanPostProcessor.java:772)
	at org.springframework.beans.factory.annotation.AutowiredAnnotationBeanPostProcessor$AutowiredFieldElement.inject(AutowiredAnnotationBeanPostProcessor.java:752)
	at org.springframework.beans.factory.annotation.InjectionMetadata.inject(InjectionMetadata.java:145)
	at org.springframework.beans.factory.annotation.AutowiredAnnotationBeanPostProcessor.postProcessProperties(AutowiredAnnotationBeanPostProcessor.java:493)
	at org.springframework.beans.factory.support.AbstractAutowireCapableBeanFactory.populateBean(AbstractAutowireCapableBeanFactory.java:1420)
	at org.springframework.beans.factory.support.AbstractAutowireCapableBeanFactory.doCreateBean(AbstractAutowireCapableBeanFactory.java:600)
	at org.springframework.beans.factory.support.AbstractAutowireCapableBeanFactory.createBean(AbstractAutowireCapableBeanFactory.java:523)
	at org.springframework.beans.factory.support.AbstractBeanFactory.lambda$doGetBean$0(AbstractBeanFactory.java:325)
	at org.springframework.beans.factory.support.DefaultSingletonBeanRegistry.getSingleton(DefaultSingletonBeanRegistry.java:234)
	at org.springframework.beans.factory.support.AbstractBeanFactory.doGetBean(AbstractBeanFactory.java:323)
	at org.springframework.beans.factory.support.AbstractBeanFactory.getBean(AbstractBeanFactory.java:199)
	at org.springframework.beans.factory.config.DependencyDescriptor.resolveCandidate(DependencyDescriptor.java:254)
	at org.springframework.beans.factory.support.DefaultListableBeanFactory.doResolveDependency(DefaultListableBeanFactory.java:1441)
	at org.springframework.beans.factory.support.DefaultListableBeanFactory.resolveDependency(DefaultListableBeanFactory.java:1348)
	at org.springframework.beans.factory.support.ConstructorResolver.resolveAutowiredArgument(ConstructorResolver.java:911)
	at org.springframework.beans.factory.support.ConstructorResolver.createArgumentArray(ConstructorResolver.java:789)
	... 33 common frames omitted
Caused by: org.springframework.beans.factory.BeanCreationException: Error creating bean with name 'solverManager' defined in class path resource [com/heronix/scheduler/config/OptaPlannerConfig.class]: Failed to instantiate [org.optaplanner.core.api.solver.SolverManager]: Factory method 'solverManager' threw exception with message: OptaPlanner initialization failed
	at org.springframework.beans.factory.support.ConstructorResolver.instantiate(ConstructorResolver.java:655)
	at org.springframework.beans.factory.support.ConstructorResolver.instantiateUsingFactoryMethod(ConstructorResolver.java:489)
	at org.springframework.beans.factory.support.AbstractAutowireCapableBeanFactory.instantiateUsingFactoryMethod(AbstractAutowireCapableBeanFactory.java:1336)
	at org.springframework.beans.factory.support.AbstractAutowireCapableBeanFactory.createBeanInstance(AbstractAutowireCapableBeanFactory.java:1166)
	at org.springframework.beans.factory.support.AbstractAutowireCapableBeanFactory.doCreateBean(AbstractAutowireCapableBeanFactory.java:563)
	at org.springframework.beans.factory.support.AbstractAutowireCapableBeanFactory.createBean(AbstractAutowireCapableBeanFactory.java:523)
	at org.springframework.beans.factory.support.AbstractBeanFactory.lambda$doGetBean$0(AbstractBeanFactory.java:325)
	at org.springframework.beans.factory.support.DefaultSingletonBeanRegistry.getSingleton(DefaultSingletonBeanRegistry.java:234)
	at org.springframework.beans.factory.support.AbstractBeanFactory.doGetBean(AbstractBeanFactory.java:323)
	at org.springframework.beans.factory.support.AbstractBeanFactory.getBean(AbstractBeanFactory.java:199)
	at org.springframework.beans.factory.config.DependencyDescriptor.resolveCandidate(DependencyDescriptor.java:254)
	at org.springframework.beans.factory.support.DefaultListableBeanFactory.doResolveDependency(DefaultListableBeanFactory.java:1441)
	at org.springframework.beans.factory.support.DefaultListableBeanFactory.resolveDependency(DefaultListableBeanFactory.java:1348)
	at org.springframework.beans.factory.annotation.AutowiredAnnotationBeanPostProcessor$AutowiredFieldElement.resolveFieldValue(AutowiredAnnotationBeanPostProcessor.java:769)
	... 48 common frames omitted
Caused by: org.springframework.beans.BeanInstantiationException: Failed to instantiate [org.optaplanner.core.api.solver.SolverManager]: Factory method 'solverManager' threw exception with message: OptaPlanner initialization failed
	at org.springframework.beans.factory.support.SimpleInstantiationStrategy.instantiate(SimpleInstantiationStrategy.java:178)
	at org.springframework.beans.factory.support.ConstructorResolver.instantiate(ConstructorResolver.java:651)
	... 61 common frames omitted
Caused by: java.lang.RuntimeException: OptaPlanner initialization failed
	at com.heronix.scheduler.config.OptaPlannerConfig.solverManager(OptaPlannerConfig.java:74)
	at com.heronix.scheduler.config.OptaPlannerConfig$$SpringCGLIB$$0.CGLIB$solverManager$0(<generated>)
	at com.heronix.scheduler.config.OptaPlannerConfig$$SpringCGLIB$$FastClass$$1.invoke(<generated>)
	at org.springframework.cglib.proxy.MethodProxy.invokeSuper(MethodProxy.java:258)
	at org.springframework.context.annotation.ConfigurationClassEnhancer$BeanMethodInterceptor.intercept(ConfigurationClassEnhancer.java:331)
	at com.heronix.scheduler.config.OptaPlannerConfig$$SpringCGLIB$$0.solverManager(<generated>)
	at java.base/jdk.internal.reflect.DirectMethodHandleAccessor.invoke(DirectMethodHandleAccessor.java:103)
	at java.base/java.lang.reflect.Method.invoke(Method.java:580)
	at org.springframework.beans.factory.support.SimpleInstantiationStrategy.instantiate(SimpleInstantiationStrategy.java:140)
	... 62 common frames omitted
Caused by: java.lang.IllegalArgumentException: The solverConfigResource (solverConfig.xml) does not exist as a classpath resource in the classLoader (jdk.internal.loader.ClassLoaders$AppClassLoader@70dea4e).
	at org.optaplanner.core.config.solver.SolverConfig.createFromXmlResource(SolverConfig.java:111)
	at org.optaplanner.core.config.solver.SolverConfig.createFromXmlResource(SolverConfig.java:88)
	at com.heronix.scheduler.config.OptaPlannerConfig.solverManager(OptaPlannerConfig.java:42)
	... 70 common frames omitted
[INFO] ------------------------------------------------------------------------
[INFO] BUILD FAILURE
[INFO] ------------------------------------------------------------------------
[INFO] Total time:  44.536 s
[INFO] Finished at: 2025-12-26T11:00:52-05:00
[INFO] ------------------------------------------------------------------------
[ERROR] Failed to execute goal org.springframework.boot:spring-boot-maven-plugin:3.2.0:run (default-cli) on project heronix-scheduler: Process terminated with exit code: 1 -> [Help 1]
[ERROR] 
[ERROR] To see the full stack trace of the errors, re-run Maven with the -e switch.
[ERROR] Re-run Maven using the -X switch to enable full debug logging.
[ERROR] 
[ERROR] For more information about the errors and possible solutions, please read the following articles:
[ERROR] [Help 1] http://cwiki.apache.org/confluence/display/MAVEN/MojoExecutionException
